<?xml version="1.0" encoding="UTF-8"?>
<!-- Generated by org.testng.reporters.JUnitReportReporter -->
<testsuite skipped="0" hostname="Muhammets-MacBook-Air.local" name="com.qa.hubspot.tests.ContactsPageTest" tests="2" failures="0" timestamp="2020-07-27T15:19:12 CDT" time="45.107" errors="0">
  <testcase name="verifyContactsPageTitle" time="13.801" classname="com.qa.hubspot.tests.ContactsPageTest"/>
  <system-out/>
  <testcase name="createContactsTest" time="31.306" classname="com.qa.hubspot.tests.ContactsPageTest"/>
  <system-out/>
</testsuite> <!-- com.qa.hubspot.tests.ContactsPageTest -->
