<?xml version="1.0" encoding="UTF-8"?>
<!-- Generated by org.testng.reporters.JUnitReportReporter -->
<testsuite skipped="2" hostname="Muhammets-MacBook-Air.local" name="com.qa.hubspot.tests.HomPageTest" tests="3" failures="0" timestamp="2020-07-25T16:00:01 CDT" time="14.012" errors="0">
  <testcase name="verifyLoggedInUserTest" time="14.012" classname="com.qa.hubspot.tests.HomPageTest"/>
  <system-out/>
  <testcase name="verifyHomePageHeaderTest" classname="com.qa.hubspot.tests.HomPageTest">
    <skipped/>
  </testcase> <!-- verifyHomePageHeaderTest -->
  <system-out/>
  <testcase name="verifyHomePageTitleTest" classname="com.qa.hubspot.tests.HomPageTest">
    <skipped/>
  </testcase> <!-- verifyHomePageTitleTest -->
  <system-out/>
</testsuite> <!-- com.qa.hubspot.tests.HomPageTest -->
