<?xml version="1.0" encoding="UTF-8"?>
<!-- Generated by org.testng.reporters.JUnitReportReporter -->
<testsuite skipped="1" hostname="Muhammets-MacBook-Air.local" name="com.qa.hubspot.tests.LoginPageTest" tests="2" failures="0" timestamp="25 Jul 2020 23:39:09 GMT" time="13.937" errors="0">
  <testcase name="loginTest" time="13.937" classname="com.qa.hubspot.tests.LoginPageTest"/>
  <testcase name="login_invalidTestCase" classname="com.qa.hubspot.tests.LoginPageTest">
    <skipped/>
  </testcase> <!-- login_invalidTestCase -->
</testsuite> <!-- com.qa.hubspot.tests.LoginPageTest -->
